::1 - - [27/Feb/2025:06:31:05 +0000] "POST /api/v1/auth/login HTTP/1.1" 201 207 "-" "PostmanRuntime/7.43.0"
::1 - - [27/Feb/2025:06:33:41 +0000] "POST /api/v1/reclamos/atender/68 HTTP/1.1" 401 31 "-" "PostmanRuntime/7.43.0"
::1 - - [27/Feb/2025:06:33:53 +0000] "POST /api/v1/reclamos/atender/68 HTTP/1.1" 500 57 "-" "PostmanRuntime/7.43.0"
::1 - - [27/Feb/2025:06:36:35 +0000] "POST /api/v1/reclamos/atender/68 HTTP/1.1" 200 89 "-" "PostmanRuntime/7.43.0"
::1 - - [27/Feb/2025:10:48:12 +0000] "POST /api/v1/auth/login HTTP/1.1" 201 207 "-" "PostmanRuntime/7.43.0"
::1 - - [27/Feb/2025:10:49:14 +0000] "POST /api/v1/reclamos/atender/68 HTTP/1.1" 401 31 "-" "PostmanRuntime/7.43.0"
::1 - - [27/Feb/2025:10:49:25 +0000] "POST /api/v1/reclamos/atender/68 HTTP/1.1" 200 89 "-" "PostmanRuntime/7.43.0"
::1 - - [27/Feb/2025:11:01:51 +0000] "POST /api/v1/reclamos/atender/68 HTTP/1.1" 200 89 "-" "PostmanRuntime/7.43.0"
::1 - - [27/Feb/2025:11:04:54 +0000] "POST /api/v1/reclamos/atender/68 HTTP/1.1" 200 89 "-" "PostmanRuntime/7.43.0"
::1 - - [27/Feb/2025:11:07:54 +0000] "POST /api/v1/reclamos/atender/68 HTTP/1.1" 200 89 "-" "PostmanRuntime/7.43.0"
::1 - - [27/Feb/2025:11:11:20 +0000] "POST /api/v1/reclamos/atender/68 HTTP/1.1" 200 89 "-" "PostmanRuntime/7.43.0"
::1 - - [27/Feb/2025:11:14:37 +0000] "POST /api/v1/reclamos/atender/68 HTTP/1.1" 200 89 "-" "PostmanRuntime/7.43.0"
::1 - - [27/Feb/2025:11:18:28 +0000] "POST /api/v1/reclamos/atender/68 HTTP/1.1" 200 89 "-" "PostmanRuntime/7.43.0"
::1 - - [27/Feb/2025:11:21:27 +0000] "POST /api/v1/reclamos/atender/68 HTTP/1.1" 200 89 "-" "PostmanRuntime/7.43.0"
::1 - - [27/Feb/2025:11:26:56 +0000] "POST /api/v1/reclamos/atender/68 HTTP/1.1" 200 89 "-" "PostmanRuntime/7.43.0"
::1 - - [27/Feb/2025:11:33:17 +0000] "POST /api/v1/reclamos/finalizar/68 HTTP/1.1" 200 91 "-" "PostmanRuntime/7.43.0"
::1 - - [27/Feb/2025:11:33:25 +0000] "POST /api/v1/reclamos/finalizar/68 HTTP/1.1" 200 91 "-" "PostmanRuntime/7.43.0"
::1 - - [27/Feb/2025:11:35:57 +0000] "POST /api/v1/reclamos/finalizar/68 HTTP/1.1" 200 91 "-" "PostmanRuntime/7.43.0"
::1 - - [27/Feb/2025:11:37:28 +0000] "POST /api/v1/reclamos/finalizar/68 HTTP/1.1" 200 91 "-" "PostmanRuntime/7.43.0"
::1 - - [27/Feb/2025:11:37:35 +0000] "POST /api/v1/reclamos/finalizar/68 HTTP/1.1" 200 91 "-" "PostmanRuntime/7.43.0"
::1 - - [27/Feb/2025:11:37:42 +0000] "POST /api/v1/reclamos/finalizar/68 HTTP/1.1" 200 91 "-" "PostmanRuntime/7.43.0"
::1 - - [27/Feb/2025:11:40:32 +0000] "POST /api/v1/reclamos/finalizar/68 HTTP/1.1" 200 91 "-" "PostmanRuntime/7.43.0"
::1 - - [27/Feb/2025:11:40:38 +0000] "POST /api/v1/reclamos/finalizar/68 HTTP/1.1" 200 91 "-" "PostmanRuntime/7.43.0"
::1 - - [27/Feb/2025:11:40:45 +0000] "POST /api/v1/reclamos/finalizar/68 HTTP/1.1" 200 91 "-" "PostmanRuntime/7.43.0"
::1 - - [27/Feb/2025:11:41:44 +0000] "POST /api/v1/reclamos/finalizar/68 HTTP/1.1" 200 91 "-" "PostmanRuntime/7.43.0"
::1 - - [27/Feb/2025:11:44:27 +0000] "POST /api/v1/reclamos/finalizar/68 HTTP/1.1" 200 91 "-" "PostmanRuntime/7.43.0"
::1 - - [27/Feb/2025:11:57:48 +0000] "POST /api/v1/auth/login HTTP/1.1" 201 207 "-" "PostmanRuntime/7.43.0"
::1 - - [27/Feb/2025:11:58:13 +0000] "GET /api/v1/reclamos/informe?formato=csv HTTP/1.1" 401 37 "-" "PostmanRuntime/7.43.0"
::1 - - [27/Feb/2025:11:58:25 +0000] "GET /api/v1/reclamos/informe?formato=csv HTTP/1.1" 200 3437 "-" "PostmanRuntime/7.43.0"
::1 - - [27/Feb/2025:11:58:45 +0000] "GET /api/v1/reclamos/informe?formato=pdf HTTP/1.1" 200 - "-" "PostmanRuntime/7.43.0"
::1 - - [27/Feb/2025:11:59:27 +0000] "GET /api/v1/reclamos/informe?formato=pdf HTTP/1.1" 401 37 "-" "Mozilla/5.0 (Windows NT 10.0; Win64; x64) AppleWebKit/537.36 (KHTML, like Gecko) Chrome/133.0.0.0 Safari/537.36"
::1 - - [27/Feb/2025:11:59:27 +0000] "GET /favicon.ico HTTP/1.1" 404 150 "http://localhost:3000/api/v1/reclamos/informe?formato=pdf" "Mozilla/5.0 (Windows NT 10.0; Win64; x64) AppleWebKit/537.36 (KHTML, like Gecko) Chrome/133.0.0.0 Safari/537.36"
